{"/Users/Vitalii_Bondarchuk/Documents/learning/nodejs-course/task-4/src/config.ts": {"path":"/Users/Vitalii_Bondarchuk/Documents/learning/nodejs-course/task-4/src/config.ts","statementMap":{"0":{"start":{"line":1,"column":13},"end":{"line":1,"column":70}},"1":{"start":{"line":3,"column":13},"end":{"line":3,"column":60}}},"fnMap":{},"branchMap":{},"s":{"0":3,"1":3},"f":{},"b":{}}
,"/Users/Vitalii_Bondarchuk/Documents/learning/nodejs-course/task-4/src/helpers.ts": {"path":"/Users/Vitalii_Bondarchuk/Documents/learning/nodejs-course/task-4/src/helpers.ts","statementMap":{"0":{"start":{"line":1,"column":0},"end":{"line":1,"column":47}},"1":{"start":{"line":4,"column":24},"end":{"line":6,"column":1}},"2":{"start":{"line":5,"column":2},"end":{"line":5,"column":47}},"3":{"start":{"line":8,"column":21},"end":{"line":10,"column":1}},"4":{"start":{"line":9,"column":2},"end":{"line":9,"column":43}},"5":{"start":{"line":12,"column":29},"end":{"line":28,"column":1}},"6":{"start":{"line":13,"column":6},"end":{"line":13,"column":null}},"7":{"start":{"line":14,"column":9},"end":{"line":14,"column":null}},"8":{"start":{"line":19,"column":2},"end":{"line":21,"column":null}},"9":{"start":{"line":20,"column":4},"end":{"line":20,"column":79}},"10":{"start":{"line":23,"column":2},"end":{"line":25,"column":null}},"11":{"start":{"line":24,"column":4},"end":{"line":24,"column":72}},"12":{"start":{"line":27,"column":2},"end":{"line":27,"column":14}},"13":{"start":{"line":12,"column":13},"end":{"line":12,"column":29}},"14":{"start":{"line":30,"column":36},"end":{"line":38,"column":1}},"15":{"start":{"line":33,"column":2},"end":{"line":37,"column":4}},"16":{"start":{"line":30,"column":13},"end":{"line":30,"column":36}}},"fnMap":{"0":{"name":"(anonymous_0)","decl":{"start":{"line":4,"column":24},"end":{"line":4,"column":25}},"loc":{"start":{"line":4,"column":40},"end":{"line":6,"column":1}}},"1":{"name":"(anonymous_1)","decl":{"start":{"line":8,"column":21},"end":{"line":8,"column":22}},"loc":{"start":{"line":8,"column":34},"end":{"line":10,"column":1}}},"2":{"name":"(anonymous_2)","decl":{"start":{"line":12,"column":29},"end":{"line":12,"column":30}},"loc":{"start":{"line":18,"column":1},"end":{"line":28,"column":1}}},"3":{"name":"(anonymous_3)","decl":{"start":{"line":30,"column":36},"end":{"line":30,"column":null}},"loc":{"start":{"line":31,"column":24},"end":{"line":38,"column":1}}}},"branchMap":{"0":{"loc":{"start":{"line":19,"column":2},"end":{"line":21,"column":null}},"type":"if","locations":[{"start":{"line":19,"column":2},"end":{"line":21,"column":null}}]},"1":{"loc":{"start":{"line":19,"column":6},"end":{"line":19,"column":42}},"type":"binary-expr","locations":[{"start":{"line":19,"column":6},"end":{"line":19,"column":13}},{"start":{"line":19,"column":17},"end":{"line":19,"column":42}}]},"2":{"loc":{"start":{"line":23,"column":2},"end":{"line":25,"column":null}},"type":"if","locations":[{"start":{"line":23,"column":2},"end":{"line":25,"column":null}}]},"3":{"loc":{"start":{"line":23,"column":6},"end":{"line":23,"column":33}},"type":"binary-expr","locations":[{"start":{"line":23,"column":6},"end":{"line":23,"column":10}},{"start":{"line":23,"column":14},"end":{"line":23,"column":33}}]}},"s":{"0":2,"1":2,"2":11,"3":2,"4":7,"5":2,"6":11,"7":11,"8":11,"9":1,"10":10,"11":1,"12":9,"13":2,"14":2,"15":3,"16":2},"f":{"0":11,"1":7,"2":11,"3":3},"b":{"0":[1],"1":[11,11],"2":[1],"3":[10,7]}}
,"/Users/Vitalii_Bondarchuk/Documents/learning/nodejs-course/task-4/src/services/public-holidays.service.ts": {"path":"/Users/Vitalii_Bondarchuk/Documents/learning/nodejs-course/task-4/src/services/public-holidays.service.ts","statementMap":{"0":{"start":{"line":1,"column":0},"end":{"line":1,"column":26}},"1":{"start":{"line":2,"column":0},"end":{"line":2,"column":52}},"2":{"start":{"line":3,"column":0},"end":{"line":3,"column":65}},"3":{"start":{"line":8,"column":39},"end":{"line":22,"column":2}},"4":{"start":{"line":10,"column":17},"end":{"line":22,"column":2}},"5":{"start":{"line":12,"column":2},"end":{"line":12,"column":35}},"6":{"start":{"line":15,"column":37},"end":{"line":17,"column":null}},"7":{"start":{"line":15,"column":18},"end":{"line":15,"column":37}},"8":{"start":{"line":18,"column":4},"end":{"line":18,"column":26}},"9":{"start":{"line":20,"column":4},"end":{"line":20,"column":14}},"10":{"start":{"line":8,"column":13},"end":{"line":8,"column":39}},"11":{"start":{"line":24,"column":43},"end":{"line":35,"column":2}},"12":{"start":{"line":24,"column":65},"end":{"line":35,"column":2}},"13":{"start":{"line":25,"column":2},"end":{"line":25,"column":29}},"14":{"start":{"line":28,"column":23},"end":{"line":30,"column":null}},"15":{"start":{"line":28,"column":12},"end":{"line":28,"column":23}},"16":{"start":{"line":31,"column":4},"end":{"line":31,"column":26}},"17":{"start":{"line":33,"column":4},"end":{"line":33,"column":17}},"18":{"start":{"line":24,"column":13},"end":{"line":24,"column":43}},"19":{"start":{"line":37,"column":37},"end":{"line":50,"column":2}},"20":{"start":{"line":38,"column":17},"end":{"line":50,"column":2}},"21":{"start":{"line":40,"column":2},"end":{"line":40,"column":29}},"22":{"start":{"line":43,"column":37},"end":{"line":45,"column":null}},"23":{"start":{"line":43,"column":18},"end":{"line":43,"column":37}},"24":{"start":{"line":46,"column":4},"end":{"line":46,"column":74}},"25":{"start":{"line":46,"column":43},"end":{"line":46,"column":73}},"26":{"start":{"line":48,"column":4},"end":{"line":48,"column":14}},"27":{"start":{"line":37,"column":13},"end":{"line":37,"column":37}}},"fnMap":{"0":{"name":"(anonymous_14)","decl":{"start":{"line":8,"column":39},"end":{"line":8,"column":null}},"loc":{"start":{"line":10,"column":17},"end":{"line":22,"column":2}}},"1":{"name":"(anonymous_15)","decl":{"start":{"line":10,"column":17},"end":{"line":10,"column":null}},"loc":{"start":{"line":10,"column":17},"end":{"line":22,"column":2}}},"2":{"name":"(anonymous_17)","decl":{"start":{"line":24,"column":43},"end":{"line":24,"column":50}},"loc":{"start":{"line":24,"column":65},"end":{"line":35,"column":2}}},"3":{"name":"(anonymous_18)","decl":{"start":{"line":24,"column":65},"end":{"line":24,"column":null}},"loc":{"start":{"line":24,"column":65},"end":{"line":35,"column":2}}},"4":{"name":"(anonymous_20)","decl":{"start":{"line":37,"column":37},"end":{"line":37,"column":null}},"loc":{"start":{"line":38,"column":17},"end":{"line":50,"column":2}}},"5":{"name":"(anonymous_21)","decl":{"start":{"line":38,"column":17},"end":{"line":38,"column":null}},"loc":{"start":{"line":38,"column":17},"end":{"line":50,"column":2}}},"6":{"name":"(anonymous_23)","decl":{"start":{"line":46,"column":30},"end":{"line":46,"column":31}},"loc":{"start":{"line":46,"column":38},"end":{"line":46,"column":63}}}},"branchMap":{},"s":{"0":1,"1":1,"2":1,"3":1,"4":2,"5":2,"6":2,"7":2,"8":1,"9":1,"10":1,"11":1,"12":2,"13":2,"14":2,"15":2,"16":1,"17":1,"18":1,"19":1,"20":1,"21":1,"22":1,"23":1,"24":1,"25":2,"26":0,"27":1},"f":{"0":2,"1":2,"2":2,"3":2,"4":1,"5":1,"6":2},"b":{}}
}
