TN:
SF:src/config.ts
FNF:0
FNH:0
DA:1,3
DA:3,3
LF:2
LH:2
BRF:0
BRH:0
end_of_record
TN:
SF:src/helpers.ts
FN:4,(anonymous_0)
FN:8,(anonymous_1)
FN:12,(anonymous_2)
FN:30,(anonymous_3)
FNF:4
FNH:4
FNDA:11,(anonymous_0)
FNDA:7,(anonymous_1)
FNDA:11,(anonymous_2)
FNDA:3,(anonymous_3)
DA:1,2
DA:4,2
DA:5,11
DA:8,2
DA:9,7
DA:12,2
DA:13,11
DA:14,11
DA:19,11
DA:20,1
DA:23,10
DA:24,1
DA:27,9
DA:30,2
DA:33,3
LF:15
LH:15
BRDA:19,0,0,1
BRDA:19,1,0,11
BRDA:19,1,1,11
BRDA:23,2,0,1
BRDA:23,3,0,10
BRDA:23,3,1,7
BRF:6
BRH:6
end_of_record
TN:
SF:src/services/public-holidays.service.ts
FN:8,(anonymous_14)
FN:10,(anonymous_15)
FN:24,(anonymous_17)
FN:24,(anonymous_18)
FN:37,(anonymous_20)
FN:38,(anonymous_21)
FN:46,(anonymous_23)
FNF:7
FNH:7
FNDA:2,(anonymous_14)
FNDA:2,(anonymous_15)
FNDA:2,(anonymous_17)
FNDA:2,(anonymous_18)
FNDA:1,(anonymous_20)
FNDA:1,(anonymous_21)
FNDA:2,(anonymous_23)
DA:1,1
DA:2,1
DA:3,1
DA:8,1
DA:10,2
DA:12,2
DA:15,2
DA:18,1
DA:20,1
DA:24,2
DA:25,2
DA:28,2
DA:31,1
DA:33,1
DA:37,1
DA:38,1
DA:40,1
DA:43,1
DA:46,2
DA:48,0
LF:20
LH:19
BRF:0
BRH:0
end_of_record
